Determining if the pthread_create exist failed with the following output:
Change Dir: /home/progettista5u/aw_robotics/build/awjoint2580/CMakeFiles/CMakeTmp

Run Build Command:"/usr/bin/make" "cmTC_1d484/fast"
/usr/bin/make -f CMakeFiles/cmTC_1d484.dir/build.make CMakeFiles/cmTC_1d484.dir/build
make[1]: Entering directory '/home/progettista5u/aw_robotics/build/awjoint2580/CMakeFiles/CMakeTmp'
Building C object CMakeFiles/cmTC_1d484.dir/CheckSymbolExists.c.o
/usr/bin/cc    -o CMakeFiles/cmTC_1d484.dir/CheckSymbolExists.c.o   -c /home/progettista5u/aw_robotics/build/awjoint2580/CMakeFiles/CMakeTmp/CheckSymbolExists.c
Linking C executable cmTC_1d484
/usr/bin/cmake -E cmake_link_script CMakeFiles/cmTC_1d484.dir/link.txt --verbose=1
/usr/bin/cc      -rdynamic CMakeFiles/cmTC_1d484.dir/CheckSymbolExists.c.o  -o cmTC_1d484 
CMakeFiles/cmTC_1d484.dir/CheckSymbolExists.c.o: In function `main':
CheckSymbolExists.c:(.text+0x1b): undefined reference to `pthread_create'
collect2: error: ld returned 1 exit status
CMakeFiles/cmTC_1d484.dir/build.make:97: recipe for target 'cmTC_1d484' failed
make[1]: *** [cmTC_1d484] Error 1
make[1]: Leaving directory '/home/progettista5u/aw_robotics/build/awjoint2580/CMakeFiles/CMakeTmp'
Makefile:126: recipe for target 'cmTC_1d484/fast' failed
make: *** [cmTC_1d484/fast] Error 2

File /home/progettista5u/aw_robotics/build/awjoint2580/CMakeFiles/CMakeTmp/CheckSymbolExists.c:
/* */
#include <pthread.h>

int main(int argc, char** argv)
{
  (void)argv;
#ifndef pthread_create
  return ((int*)(&pthread_create))[argc];
#else
  (void)argc;
  return 0;
#endif
}

Determining if the function pthread_create exists in the pthreads failed with the following output:
Change Dir: /home/progettista5u/aw_robotics/build/awjoint2580/CMakeFiles/CMakeTmp

Run Build Command:"/usr/bin/make" "cmTC_9ca7f/fast"
/usr/bin/make -f CMakeFiles/cmTC_9ca7f.dir/build.make CMakeFiles/cmTC_9ca7f.dir/build
make[1]: Entering directory '/home/progettista5u/aw_robotics/build/awjoint2580/CMakeFiles/CMakeTmp'
Building C object CMakeFiles/cmTC_9ca7f.dir/CheckFunctionExists.c.o
/usr/bin/cc   -DCHECK_FUNCTION_EXISTS=pthread_create   -o CMakeFiles/cmTC_9ca7f.dir/CheckFunctionExists.c.o   -c /usr/share/cmake-3.10/Modules/CheckFunctionExists.c
Linking C executable cmTC_9ca7f
/usr/bin/cmake -E cmake_link_script CMakeFiles/cmTC_9ca7f.dir/link.txt --verbose=1
/usr/bin/cc  -DCHECK_FUNCTION_EXISTS=pthread_create    -rdynamic CMakeFiles/cmTC_9ca7f.dir/CheckFunctionExists.c.o  -o cmTC_9ca7f -lpthreads 
/usr/bin/ld: cannot find -lpthreads
collect2: error: ld returned 1 exit status
CMakeFiles/cmTC_9ca7f.dir/build.make:97: recipe for target 'cmTC_9ca7f' failed
make[1]: *** [cmTC_9ca7f] Error 1
make[1]: Leaving directory '/home/progettista5u/aw_robotics/build/awjoint2580/CMakeFiles/CMakeTmp'
Makefile:126: recipe for target 'cmTC_9ca7f/fast' failed
make: *** [cmTC_9ca7f/fast] Error 2


