Determining if the pthread_create exist failed with the following output:
Change Dir: /home/progettista5u/aw_robotics/build/awjoint32100/CMakeFiles/CMakeTmp

Run Build Command:"/usr/bin/make" "cmTC_7e26c/fast"
/usr/bin/make -f CMakeFiles/cmTC_7e26c.dir/build.make CMakeFiles/cmTC_7e26c.dir/build
make[1]: Entering directory '/home/progettista5u/aw_robotics/build/awjoint32100/CMakeFiles/CMakeTmp'
Building C object CMakeFiles/cmTC_7e26c.dir/CheckSymbolExists.c.o
/usr/bin/cc    -o CMakeFiles/cmTC_7e26c.dir/CheckSymbolExists.c.o   -c /home/progettista5u/aw_robotics/build/awjoint32100/CMakeFiles/CMakeTmp/CheckSymbolExists.c
Linking C executable cmTC_7e26c
/usr/bin/cmake -E cmake_link_script CMakeFiles/cmTC_7e26c.dir/link.txt --verbose=1
/usr/bin/cc      -rdynamic CMakeFiles/cmTC_7e26c.dir/CheckSymbolExists.c.o  -o cmTC_7e26c 
CMakeFiles/cmTC_7e26c.dir/CheckSymbolExists.c.o: In function `main':
CheckSymbolExists.c:(.text+0x1b): undefined reference to `pthread_create'
collect2: error: ld returned 1 exit status
CMakeFiles/cmTC_7e26c.dir/build.make:97: recipe for target 'cmTC_7e26c' failed
make[1]: *** [cmTC_7e26c] Error 1
make[1]: Leaving directory '/home/progettista5u/aw_robotics/build/awjoint32100/CMakeFiles/CMakeTmp'
Makefile:126: recipe for target 'cmTC_7e26c/fast' failed
make: *** [cmTC_7e26c/fast] Error 2

File /home/progettista5u/aw_robotics/build/awjoint32100/CMakeFiles/CMakeTmp/CheckSymbolExists.c:
/* */
#include <pthread.h>

int main(int argc, char** argv)
{
  (void)argv;
#ifndef pthread_create
  return ((int*)(&pthread_create))[argc];
#else
  (void)argc;
  return 0;
#endif
}

Determining if the function pthread_create exists in the pthreads failed with the following output:
Change Dir: /home/progettista5u/aw_robotics/build/awjoint32100/CMakeFiles/CMakeTmp

Run Build Command:"/usr/bin/make" "cmTC_6ccfc/fast"
/usr/bin/make -f CMakeFiles/cmTC_6ccfc.dir/build.make CMakeFiles/cmTC_6ccfc.dir/build
make[1]: Entering directory '/home/progettista5u/aw_robotics/build/awjoint32100/CMakeFiles/CMakeTmp'
Building C object CMakeFiles/cmTC_6ccfc.dir/CheckFunctionExists.c.o
/usr/bin/cc   -DCHECK_FUNCTION_EXISTS=pthread_create   -o CMakeFiles/cmTC_6ccfc.dir/CheckFunctionExists.c.o   -c /usr/share/cmake-3.10/Modules/CheckFunctionExists.c
Linking C executable cmTC_6ccfc
/usr/bin/cmake -E cmake_link_script CMakeFiles/cmTC_6ccfc.dir/link.txt --verbose=1
/usr/bin/cc  -DCHECK_FUNCTION_EXISTS=pthread_create    -rdynamic CMakeFiles/cmTC_6ccfc.dir/CheckFunctionExists.c.o  -o cmTC_6ccfc -lpthreads 
/usr/bin/ld: cannot find -lpthreads
collect2: error: ld returned 1 exit status
CMakeFiles/cmTC_6ccfc.dir/build.make:97: recipe for target 'cmTC_6ccfc' failed
make[1]: *** [cmTC_6ccfc] Error 1
make[1]: Leaving directory '/home/progettista5u/aw_robotics/build/awjoint32100/CMakeFiles/CMakeTmp'
Makefile:126: recipe for target 'cmTC_6ccfc/fast' failed
make: *** [cmTC_6ccfc/fast] Error 2


