Determining if the pthread_create exist failed with the following output:
Change Dir: /home/progettista5u/aw_robotics/build/awtube31210v1_moveit_config/CMakeFiles/CMakeTmp

Run Build Command:"/usr/bin/make" "cmTC_fc24f/fast"
/usr/bin/make -f CMakeFiles/cmTC_fc24f.dir/build.make CMakeFiles/cmTC_fc24f.dir/build
make[1]: Entering directory '/home/progettista5u/aw_robotics/build/awtube31210v1_moveit_config/CMakeFiles/CMakeTmp'
Building C object CMakeFiles/cmTC_fc24f.dir/CheckSymbolExists.c.o
/usr/bin/cc    -o CMakeFiles/cmTC_fc24f.dir/CheckSymbolExists.c.o   -c /home/progettista5u/aw_robotics/build/awtube31210v1_moveit_config/CMakeFiles/CMakeTmp/CheckSymbolExists.c
Linking C executable cmTC_fc24f
/usr/bin/cmake -E cmake_link_script CMakeFiles/cmTC_fc24f.dir/link.txt --verbose=1
/usr/bin/cc      -rdynamic CMakeFiles/cmTC_fc24f.dir/CheckSymbolExists.c.o  -o cmTC_fc24f 
CMakeFiles/cmTC_fc24f.dir/CheckSymbolExists.c.o: In function `main':
CheckSymbolExists.c:(.text+0x1b): undefined reference to `pthread_create'
collect2: error: ld returned 1 exit status
CMakeFiles/cmTC_fc24f.dir/build.make:97: recipe for target 'cmTC_fc24f' failed
make[1]: *** [cmTC_fc24f] Error 1
make[1]: Leaving directory '/home/progettista5u/aw_robotics/build/awtube31210v1_moveit_config/CMakeFiles/CMakeTmp'
Makefile:126: recipe for target 'cmTC_fc24f/fast' failed
make: *** [cmTC_fc24f/fast] Error 2

File /home/progettista5u/aw_robotics/build/awtube31210v1_moveit_config/CMakeFiles/CMakeTmp/CheckSymbolExists.c:
/* */
#include <pthread.h>

int main(int argc, char** argv)
{
  (void)argv;
#ifndef pthread_create
  return ((int*)(&pthread_create))[argc];
#else
  (void)argc;
  return 0;
#endif
}

Determining if the function pthread_create exists in the pthreads failed with the following output:
Change Dir: /home/progettista5u/aw_robotics/build/awtube31210v1_moveit_config/CMakeFiles/CMakeTmp

Run Build Command:"/usr/bin/make" "cmTC_7aad2/fast"
/usr/bin/make -f CMakeFiles/cmTC_7aad2.dir/build.make CMakeFiles/cmTC_7aad2.dir/build
make[1]: Entering directory '/home/progettista5u/aw_robotics/build/awtube31210v1_moveit_config/CMakeFiles/CMakeTmp'
Building C object CMakeFiles/cmTC_7aad2.dir/CheckFunctionExists.c.o
/usr/bin/cc   -DCHECK_FUNCTION_EXISTS=pthread_create   -o CMakeFiles/cmTC_7aad2.dir/CheckFunctionExists.c.o   -c /usr/share/cmake-3.10/Modules/CheckFunctionExists.c
Linking C executable cmTC_7aad2
/usr/bin/cmake -E cmake_link_script CMakeFiles/cmTC_7aad2.dir/link.txt --verbose=1
/usr/bin/cc  -DCHECK_FUNCTION_EXISTS=pthread_create    -rdynamic CMakeFiles/cmTC_7aad2.dir/CheckFunctionExists.c.o  -o cmTC_7aad2 -lpthreads 
/usr/bin/ld: cannot find -lpthreads
collect2: error: ld returned 1 exit status
CMakeFiles/cmTC_7aad2.dir/build.make:97: recipe for target 'cmTC_7aad2' failed
make[1]: *** [cmTC_7aad2] Error 1
make[1]: Leaving directory '/home/progettista5u/aw_robotics/build/awtube31210v1_moveit_config/CMakeFiles/CMakeTmp'
Makefile:126: recipe for target 'cmTC_7aad2/fast' failed
make: *** [cmTC_7aad2/fast] Error 2


