Determining if the pthread_create exist failed with the following output:
Change Dir: /home/progettista5u/aw_robotics/build/j_actuator_moveit_config/CMakeFiles/CMakeTmp

Run Build Command:"/usr/bin/make" "cmTC_e337f/fast"
/usr/bin/make -f CMakeFiles/cmTC_e337f.dir/build.make CMakeFiles/cmTC_e337f.dir/build
make[1]: Entering directory '/home/progettista5u/aw_robotics/build/j_actuator_moveit_config/CMakeFiles/CMakeTmp'
Building C object CMakeFiles/cmTC_e337f.dir/CheckSymbolExists.c.o
/usr/bin/cc    -o CMakeFiles/cmTC_e337f.dir/CheckSymbolExists.c.o   -c /home/progettista5u/aw_robotics/build/j_actuator_moveit_config/CMakeFiles/CMakeTmp/CheckSymbolExists.c
Linking C executable cmTC_e337f
/usr/bin/cmake -E cmake_link_script CMakeFiles/cmTC_e337f.dir/link.txt --verbose=1
/usr/bin/cc      -rdynamic CMakeFiles/cmTC_e337f.dir/CheckSymbolExists.c.o  -o cmTC_e337f 
CMakeFiles/cmTC_e337f.dir/CheckSymbolExists.c.o: In function `main':
CheckSymbolExists.c:(.text+0x1b): undefined reference to `pthread_create'
collect2: error: ld returned 1 exit status
CMakeFiles/cmTC_e337f.dir/build.make:97: recipe for target 'cmTC_e337f' failed
make[1]: *** [cmTC_e337f] Error 1
make[1]: Leaving directory '/home/progettista5u/aw_robotics/build/j_actuator_moveit_config/CMakeFiles/CMakeTmp'
Makefile:126: recipe for target 'cmTC_e337f/fast' failed
make: *** [cmTC_e337f/fast] Error 2

File /home/progettista5u/aw_robotics/build/j_actuator_moveit_config/CMakeFiles/CMakeTmp/CheckSymbolExists.c:
/* */
#include <pthread.h>

int main(int argc, char** argv)
{
  (void)argv;
#ifndef pthread_create
  return ((int*)(&pthread_create))[argc];
#else
  (void)argc;
  return 0;
#endif
}

Determining if the function pthread_create exists in the pthreads failed with the following output:
Change Dir: /home/progettista5u/aw_robotics/build/j_actuator_moveit_config/CMakeFiles/CMakeTmp

Run Build Command:"/usr/bin/make" "cmTC_2f028/fast"
/usr/bin/make -f CMakeFiles/cmTC_2f028.dir/build.make CMakeFiles/cmTC_2f028.dir/build
make[1]: Entering directory '/home/progettista5u/aw_robotics/build/j_actuator_moveit_config/CMakeFiles/CMakeTmp'
Building C object CMakeFiles/cmTC_2f028.dir/CheckFunctionExists.c.o
/usr/bin/cc   -DCHECK_FUNCTION_EXISTS=pthread_create   -o CMakeFiles/cmTC_2f028.dir/CheckFunctionExists.c.o   -c /usr/share/cmake-3.10/Modules/CheckFunctionExists.c
Linking C executable cmTC_2f028
/usr/bin/cmake -E cmake_link_script CMakeFiles/cmTC_2f028.dir/link.txt --verbose=1
/usr/bin/cc  -DCHECK_FUNCTION_EXISTS=pthread_create    -rdynamic CMakeFiles/cmTC_2f028.dir/CheckFunctionExists.c.o  -o cmTC_2f028 -lpthreads 
/usr/bin/ld: cannot find -lpthreads
collect2: error: ld returned 1 exit status
CMakeFiles/cmTC_2f028.dir/build.make:97: recipe for target 'cmTC_2f028' failed
make[1]: *** [cmTC_2f028] Error 1
make[1]: Leaving directory '/home/progettista5u/aw_robotics/build/j_actuator_moveit_config/CMakeFiles/CMakeTmp'
Makefile:126: recipe for target 'cmTC_2f028/fast' failed
make: *** [cmTC_2f028/fast] Error 2


