Determining if the pthread_create exist failed with the following output:
Change Dir: /home/progettista5u/aw_robotics/build/awjoint1750/CMakeFiles/CMakeTmp

Run Build Command:"/usr/bin/make" "cmTC_ddf8a/fast"
/usr/bin/make -f CMakeFiles/cmTC_ddf8a.dir/build.make CMakeFiles/cmTC_ddf8a.dir/build
make[1]: Entering directory '/home/progettista5u/aw_robotics/build/awjoint1750/CMakeFiles/CMakeTmp'
Building C object CMakeFiles/cmTC_ddf8a.dir/CheckSymbolExists.c.o
/usr/bin/cc    -o CMakeFiles/cmTC_ddf8a.dir/CheckSymbolExists.c.o   -c /home/progettista5u/aw_robotics/build/awjoint1750/CMakeFiles/CMakeTmp/CheckSymbolExists.c
Linking C executable cmTC_ddf8a
/usr/bin/cmake -E cmake_link_script CMakeFiles/cmTC_ddf8a.dir/link.txt --verbose=1
/usr/bin/cc      -rdynamic CMakeFiles/cmTC_ddf8a.dir/CheckSymbolExists.c.o  -o cmTC_ddf8a 
CMakeFiles/cmTC_ddf8a.dir/CheckSymbolExists.c.o: In function `main':
CheckSymbolExists.c:(.text+0x1b): undefined reference to `pthread_create'
collect2: error: ld returned 1 exit status
CMakeFiles/cmTC_ddf8a.dir/build.make:97: recipe for target 'cmTC_ddf8a' failed
make[1]: *** [cmTC_ddf8a] Error 1
make[1]: Leaving directory '/home/progettista5u/aw_robotics/build/awjoint1750/CMakeFiles/CMakeTmp'
Makefile:126: recipe for target 'cmTC_ddf8a/fast' failed
make: *** [cmTC_ddf8a/fast] Error 2

File /home/progettista5u/aw_robotics/build/awjoint1750/CMakeFiles/CMakeTmp/CheckSymbolExists.c:
/* */
#include <pthread.h>

int main(int argc, char** argv)
{
  (void)argv;
#ifndef pthread_create
  return ((int*)(&pthread_create))[argc];
#else
  (void)argc;
  return 0;
#endif
}

Determining if the function pthread_create exists in the pthreads failed with the following output:
Change Dir: /home/progettista5u/aw_robotics/build/awjoint1750/CMakeFiles/CMakeTmp

Run Build Command:"/usr/bin/make" "cmTC_a0bad/fast"
/usr/bin/make -f CMakeFiles/cmTC_a0bad.dir/build.make CMakeFiles/cmTC_a0bad.dir/build
make[1]: Entering directory '/home/progettista5u/aw_robotics/build/awjoint1750/CMakeFiles/CMakeTmp'
Building C object CMakeFiles/cmTC_a0bad.dir/CheckFunctionExists.c.o
/usr/bin/cc   -DCHECK_FUNCTION_EXISTS=pthread_create   -o CMakeFiles/cmTC_a0bad.dir/CheckFunctionExists.c.o   -c /usr/share/cmake-3.10/Modules/CheckFunctionExists.c
Linking C executable cmTC_a0bad
/usr/bin/cmake -E cmake_link_script CMakeFiles/cmTC_a0bad.dir/link.txt --verbose=1
/usr/bin/cc  -DCHECK_FUNCTION_EXISTS=pthread_create    -rdynamic CMakeFiles/cmTC_a0bad.dir/CheckFunctionExists.c.o  -o cmTC_a0bad -lpthreads 
/usr/bin/ld: cannot find -lpthreads
collect2: error: ld returned 1 exit status
CMakeFiles/cmTC_a0bad.dir/build.make:97: recipe for target 'cmTC_a0bad' failed
make[1]: *** [cmTC_a0bad] Error 1
make[1]: Leaving directory '/home/progettista5u/aw_robotics/build/awjoint1750/CMakeFiles/CMakeTmp'
Makefile:126: recipe for target 'cmTC_a0bad/fast' failed
make: *** [cmTC_a0bad/fast] Error 2


