Determining if the pthread_create exist failed with the following output:
Change Dir: /home/progettista5u/aw_robotics/build/awtube31814v2_moveit_config/CMakeFiles/CMakeTmp

Run Build Command:"/usr/bin/make" "cmTC_26541/fast"
/usr/bin/make -f CMakeFiles/cmTC_26541.dir/build.make CMakeFiles/cmTC_26541.dir/build
make[1]: Entering directory '/home/progettista5u/aw_robotics/build/awtube31814v2_moveit_config/CMakeFiles/CMakeTmp'
Building C object CMakeFiles/cmTC_26541.dir/CheckSymbolExists.c.o
/usr/bin/cc    -o CMakeFiles/cmTC_26541.dir/CheckSymbolExists.c.o   -c /home/progettista5u/aw_robotics/build/awtube31814v2_moveit_config/CMakeFiles/CMakeTmp/CheckSymbolExists.c
Linking C executable cmTC_26541
/usr/bin/cmake -E cmake_link_script CMakeFiles/cmTC_26541.dir/link.txt --verbose=1
/usr/bin/cc      -rdynamic CMakeFiles/cmTC_26541.dir/CheckSymbolExists.c.o  -o cmTC_26541 
CMakeFiles/cmTC_26541.dir/CheckSymbolExists.c.o: In function `main':
CheckSymbolExists.c:(.text+0x1b): undefined reference to `pthread_create'
collect2: error: ld returned 1 exit status
CMakeFiles/cmTC_26541.dir/build.make:97: recipe for target 'cmTC_26541' failed
make[1]: *** [cmTC_26541] Error 1
make[1]: Leaving directory '/home/progettista5u/aw_robotics/build/awtube31814v2_moveit_config/CMakeFiles/CMakeTmp'
Makefile:126: recipe for target 'cmTC_26541/fast' failed
make: *** [cmTC_26541/fast] Error 2

File /home/progettista5u/aw_robotics/build/awtube31814v2_moveit_config/CMakeFiles/CMakeTmp/CheckSymbolExists.c:
/* */
#include <pthread.h>

int main(int argc, char** argv)
{
  (void)argv;
#ifndef pthread_create
  return ((int*)(&pthread_create))[argc];
#else
  (void)argc;
  return 0;
#endif
}

Determining if the function pthread_create exists in the pthreads failed with the following output:
Change Dir: /home/progettista5u/aw_robotics/build/awtube31814v2_moveit_config/CMakeFiles/CMakeTmp

Run Build Command:"/usr/bin/make" "cmTC_6e57f/fast"
/usr/bin/make -f CMakeFiles/cmTC_6e57f.dir/build.make CMakeFiles/cmTC_6e57f.dir/build
make[1]: Entering directory '/home/progettista5u/aw_robotics/build/awtube31814v2_moveit_config/CMakeFiles/CMakeTmp'
Building C object CMakeFiles/cmTC_6e57f.dir/CheckFunctionExists.c.o
/usr/bin/cc   -DCHECK_FUNCTION_EXISTS=pthread_create   -o CMakeFiles/cmTC_6e57f.dir/CheckFunctionExists.c.o   -c /usr/share/cmake-3.10/Modules/CheckFunctionExists.c
Linking C executable cmTC_6e57f
/usr/bin/cmake -E cmake_link_script CMakeFiles/cmTC_6e57f.dir/link.txt --verbose=1
/usr/bin/cc  -DCHECK_FUNCTION_EXISTS=pthread_create    -rdynamic CMakeFiles/cmTC_6e57f.dir/CheckFunctionExists.c.o  -o cmTC_6e57f -lpthreads 
/usr/bin/ld: cannot find -lpthreads
collect2: error: ld returned 1 exit status
CMakeFiles/cmTC_6e57f.dir/build.make:97: recipe for target 'cmTC_6e57f' failed
make[1]: *** [cmTC_6e57f] Error 1
make[1]: Leaving directory '/home/progettista5u/aw_robotics/build/awtube31814v2_moveit_config/CMakeFiles/CMakeTmp'
Makefile:126: recipe for target 'cmTC_6e57f/fast' failed
make: *** [cmTC_6e57f/fast] Error 2


