Determining if the pthread_create exist failed with the following output:
Change Dir: /home/progettista5u/aw_robotics/build/awjoint2080/CMakeFiles/CMakeTmp

Run Build Command:"/usr/bin/make" "cmTC_113c4/fast"
/usr/bin/make -f CMakeFiles/cmTC_113c4.dir/build.make CMakeFiles/cmTC_113c4.dir/build
make[1]: Entering directory '/home/progettista5u/aw_robotics/build/awjoint2080/CMakeFiles/CMakeTmp'
Building C object CMakeFiles/cmTC_113c4.dir/CheckSymbolExists.c.o
/usr/bin/cc    -o CMakeFiles/cmTC_113c4.dir/CheckSymbolExists.c.o   -c /home/progettista5u/aw_robotics/build/awjoint2080/CMakeFiles/CMakeTmp/CheckSymbolExists.c
Linking C executable cmTC_113c4
/usr/bin/cmake -E cmake_link_script CMakeFiles/cmTC_113c4.dir/link.txt --verbose=1
/usr/bin/cc      -rdynamic CMakeFiles/cmTC_113c4.dir/CheckSymbolExists.c.o  -o cmTC_113c4 
CMakeFiles/cmTC_113c4.dir/CheckSymbolExists.c.o: In function `main':
CheckSymbolExists.c:(.text+0x1b): undefined reference to `pthread_create'
collect2: error: ld returned 1 exit status
CMakeFiles/cmTC_113c4.dir/build.make:97: recipe for target 'cmTC_113c4' failed
make[1]: *** [cmTC_113c4] Error 1
make[1]: Leaving directory '/home/progettista5u/aw_robotics/build/awjoint2080/CMakeFiles/CMakeTmp'
Makefile:126: recipe for target 'cmTC_113c4/fast' failed
make: *** [cmTC_113c4/fast] Error 2

File /home/progettista5u/aw_robotics/build/awjoint2080/CMakeFiles/CMakeTmp/CheckSymbolExists.c:
/* */
#include <pthread.h>

int main(int argc, char** argv)
{
  (void)argv;
#ifndef pthread_create
  return ((int*)(&pthread_create))[argc];
#else
  (void)argc;
  return 0;
#endif
}

Determining if the function pthread_create exists in the pthreads failed with the following output:
Change Dir: /home/progettista5u/aw_robotics/build/awjoint2080/CMakeFiles/CMakeTmp

Run Build Command:"/usr/bin/make" "cmTC_3746f/fast"
/usr/bin/make -f CMakeFiles/cmTC_3746f.dir/build.make CMakeFiles/cmTC_3746f.dir/build
make[1]: Entering directory '/home/progettista5u/aw_robotics/build/awjoint2080/CMakeFiles/CMakeTmp'
Building C object CMakeFiles/cmTC_3746f.dir/CheckFunctionExists.c.o
/usr/bin/cc   -DCHECK_FUNCTION_EXISTS=pthread_create   -o CMakeFiles/cmTC_3746f.dir/CheckFunctionExists.c.o   -c /usr/share/cmake-3.10/Modules/CheckFunctionExists.c
Linking C executable cmTC_3746f
/usr/bin/cmake -E cmake_link_script CMakeFiles/cmTC_3746f.dir/link.txt --verbose=1
/usr/bin/cc  -DCHECK_FUNCTION_EXISTS=pthread_create    -rdynamic CMakeFiles/cmTC_3746f.dir/CheckFunctionExists.c.o  -o cmTC_3746f -lpthreads 
/usr/bin/ld: cannot find -lpthreads
collect2: error: ld returned 1 exit status
CMakeFiles/cmTC_3746f.dir/build.make:97: recipe for target 'cmTC_3746f' failed
make[1]: *** [cmTC_3746f] Error 1
make[1]: Leaving directory '/home/progettista5u/aw_robotics/build/awjoint2080/CMakeFiles/CMakeTmp'
Makefile:126: recipe for target 'cmTC_3746f/fast' failed
make: *** [cmTC_3746f/fast] Error 2


